[19-Jun-2018 01:00:03 UTC] PHP Warning:  require(/home/ubuntu/workspace/public/../vendor/autoload.php): failed to open stream: No such file or directory in /home/ubuntu/workspace/public/index.php on line 24
[19-Jun-2018 01:00:03 UTC] PHP Fatal error:  require(): Failed opening required '/home/ubuntu/workspace/public/../vendor/autoload.php' (include_path='.:/usr/share/php') in /home/ubuntu/workspace/public/index.php on line 24
[19-Jun-2018 01:00:10 UTC] PHP Warning:  require(/home/ubuntu/workspace/public/../vendor/autoload.php): failed to open stream: No such file or directory in /home/ubuntu/workspace/public/index.php on line 24
[19-Jun-2018 01:00:10 UTC] PHP Fatal error:  require(): Failed opening required '/home/ubuntu/workspace/public/../vendor/autoload.php' (include_path='.:/usr/share/php') in /home/ubuntu/workspace/public/index.php on line 24
[19-Jun-2018 01:01:24 UTC] PHP Warning:  require(/home/ubuntu/workspace/public/../vendor/autoload.php): failed to open stream: No such file or directory in /home/ubuntu/workspace/public/index.php on line 24
[19-Jun-2018 01:01:24 UTC] PHP Fatal error:  require(): Failed opening required '/home/ubuntu/workspace/public/../vendor/autoload.php' (include_path='.:/usr/share/php') in /home/ubuntu/workspace/public/index.php on line 24
[19-Jun-2018 01:01:30 UTC] PHP Warning:  require(/home/ubuntu/workspace/public/../vendor/autoload.php): failed to open stream: No such file or directory in /home/ubuntu/workspace/public/index.php on line 24
[19-Jun-2018 01:01:30 UTC] PHP Fatal error:  require(): Failed opening required '/home/ubuntu/workspace/public/../vendor/autoload.php' (include_path='.:/usr/share/php') in /home/ubuntu/workspace/public/index.php on line 24
[29-Mar-2019 02:04:26 UTC] PHP Notice:  Undefined variable: app in /home/ubuntu/workspace/public/index.php on line 52
[29-Mar-2019 02:04:26 UTC] PHP Fatal error:  Uncaught Error: Call to a member function make() on null in /home/ubuntu/workspace/public/index.php:52
Stack trace:
#0 {main}
  thrown in /home/ubuntu/workspace/public/index.php on line 52
[29-Mar-2019 02:04:26 UTC] PHP Notice:  Undefined variable: app in /home/ubuntu/workspace/public/index.php on line 52
[29-Mar-2019 02:04:26 UTC] PHP Fatal error:  Uncaught Error: Call to a member function make() on null in /home/ubuntu/workspace/public/index.php:52
Stack trace:
#0 {main}
  thrown in /home/ubuntu/workspace/public/index.php on line 52
[29-Mar-2019 02:05:44 UTC] PHP Notice:  Undefined variable: app in /home/ubuntu/workspace/public/index.php on line 52
[29-Mar-2019 02:05:44 UTC] PHP Fatal error:  Uncaught Error: Call to a member function make() on null in /home/ubuntu/workspace/public/index.php:52
Stack trace:
#0 {main}
  thrown in /home/ubuntu/workspace/public/index.php on line 52
